#
# There is insufficient memory for the Java Runtime Environment to continue.
# Native memory allocation (mmap) failed to map 524288000 bytes for G1 virtual space
# Possible reasons:
#   The system is out of physical RAM or swap space
#   The process is running with CompressedOops enabled, and the Java Heap may be blocking the growth of the native heap
# Possible solutions:
#   Reduce memory load on the system
#   Increase physical memory or swap space
#   Check if swap backing store is full
#   Decrease Java heap size (-Xmx/-Xms)
#   Decrease number of Java threads
#   Decrease Java thread stack sizes (-Xss)
#   Set larger code cache with -XX:ReservedCodeCacheSize=
#   JVM is running with Zero Based Compressed Oops mode in which the Java heap is
#     placed in the first 32GB address space. The Java Heap base address is the
#     maximum limit for the native heap growth. Please use -XX:HeapBaseMinAddress
#     to set the Java Heap base and to place the Java Heap above 32GB virtual address.
# This output file may be truncated or incomplete.
#
#  Out of Memory Error (os_windows.cpp:3603), pid=30944, tid=9524
#
# JRE version:  (21.0.6+8) (build )
# Java VM: Java HotSpot(TM) 64-Bit Server VM (21.0.6+8-LTS-188, mixed mode, sharing, tiered, compressed oops, compressed class ptrs, g1 gc, windows-amd64)
# No core dump will be written. Minidumps are not enabled by default on client versions of Windows
#

---------------  S U M M A R Y ------------

Command Line: -Dmaven.multiModuleProjectDirectory=D:\ICP\FYP\Development\pujakriti -Djansi.passthrough=true -Dmaven.home=C:\Users\aditk\.m2\wrapper\dists\apache-maven-3.9.9-bin\4nf9hui3q3djbarqar9g711ggc\apache-maven-3.9.9 -Dclassworlds.conf=C:\Users\aditk\.m2\wrapper\dists\apache-maven-3.9.9-bin\4nf9hui3q3djbarqar9g711ggc\apache-maven-3.9.9\bin\m2.conf -Dmaven.ext.class.path=C:\Program Files\JetBrains\IntelliJ IDEA 2024.3.3\plugins\maven\lib\maven-event-listener.jar -javaagent:C:\Program Files\JetBrains\IntelliJ IDEA 2024.3.3\lib\idea_rt.jar=54487:C:\Program Files\JetBrains\IntelliJ IDEA 2024.3.3\bin -Dfile.encoding=UTF-8 -Dsun.stdout.encoding=UTF-8 -Dsun.stderr.encoding=UTF-8 org.codehaus.classworlds.Launcher -Didea.version=2024.3.3 clean

Host: AMD Ryzen 9 9900X 12-Core Processor            , 24 cores, 31G,  Windows 11 , 64 bit Build 26100 (10.0.26100.3775)
Time: Wed Apr 23 18:45:22 2025 Nepal Standard Time elapsed time: 0.011737 seconds (0d 0h 0m 0s)

---------------  T H R E A D  ---------------

Current thread (0x000002dfec39bf50):  JavaThread "Unknown thread" [_thread_in_vm, id=9524, stack(0x000000fccc400000,0x000000fccc500000) (1024K)]

Stack: [0x000000fccc400000,0x000000fccc500000]
Native frames: (J=compiled Java code, j=interpreted, Vv=VM code, C=native code)
V  [jvm.dll+0x6ca6d9]
V  [jvm.dll+0x854f51]
V  [jvm.dll+0x85747e]
V  [jvm.dll+0x857b53]
V  [jvm.dll+0x27dcc6]
V  [jvm.dll+0x6c6e55]
V  [jvm.dll+0x6bb9da]
V  [jvm.dll+0x35393a]
V  [jvm.dll+0x35b596]
V  [jvm.dll+0x3adefe]
V  [jvm.dll+0x3ae1a8]
V  [jvm.dll+0x327cbc]
V  [jvm.dll+0x32881b]
V  [jvm.dll+0x81e309]
V  [jvm.dll+0x3babe1]
V  [jvm.dll+0x807658]
V  [jvm.dll+0x44fdae]
V  [jvm.dll+0x4519a1]
C  [jli.dll+0x52a3]
C  [ucrtbase.dll+0x37b0]
C  [KERNEL32.DLL+0x2e8d7]
C  [ntdll.dll+0xb14fc]


---------------  P R O C E S S  ---------------

Threads class SMR info:
_java_thread_list=0x00007ffe9fd4cc08, length=0, elements={
}

Java Threads: ( => current thread )
Total: 0

Other Threads:
  0x000002dfff2cf4d0 WorkerThread "GC Thread#0"                     [id=36064, stack(0x000000fccc500000,0x000000fccc600000) (1024K)]
  0x000002dfec414970 ConcurrentGCThread "G1 Main Marker"            [id=10356, stack(0x000000fccc600000,0x000000fccc700000) (1024K)]
  0x000002dfec4160a0 WorkerThread "G1 Conc#0"                       [id=9068, stack(0x000000fccc700000,0x000000fccc800000) (1024K)]

[error occurred during error reporting (printing all threads), id 0xc0000005, EXCEPTION_ACCESS_VIOLATION (0xc0000005) at pc=0x00007ffe9f4ba427]
VM state: not at safepoint (not fully initialized)

VM Mutex/Monitor currently owned by a thread:  ([mutex/lock_event])
[0x00007ffe9fdbdf98] Heap_lock - owner thread: 0x000002dfec39bf50

Heap address: 0x000000060e400000, size: 7964 MB, Compressed Oops mode: Zero based, Oop shift amount: 3

CDS archive(s) mapped at: [0x0000000000000000-0x0000000000000000-0x0000000000000000), size 0, SharedBaseAddress: 0x0000000800000000, ArchiveRelocationMode: 1.
Narrow klass base: 0x0000000000000000, Narrow klass shift: 0, Narrow klass range: 0x0

GC Precious Log:
 CardTable entry size: 512
 Card Set container configuration: InlinePtr #cards 4 size 8 Array Of Cards #cards 32 size 80 Howl #buckets 8 coarsen threshold 7372 Howl Bitmap #cards 1024 size 144 coarsen threshold 921 Card regions per heap region 1 cards per card region 8192

Heap:
 garbage-first heap   total 0K, used 0K [0x000000060e400000, 0x0000000800000000)
  region size 4096K, 0 young (0K), 0 survivors (0K)

[error occurred during error reporting (printing heap information), id 0xc0000005, EXCEPTION_ACCESS_VIOLATION (0xc0000005) at pc=0x00007ffe9f8a36a9]
GC Heap History (0 events):
No events

Dll operation events (1 events):
Event: 0.008 Loaded shared library C:\Program Files\Java\jdk-21\bin\java.dll

Deoptimization events (0 events):
No events

Classes loaded (0 events):
No events

Classes unloaded (0 events):
No events

Classes redefined (0 events):
No events

Internal exceptions (0 events):
No events

ZGC Phase Switch (0 events):
No events

VM Operations (0 events):
No events

Events (0 events):
No events


Dynamic libraries:
0x00007ff7852e0000 - 0x00007ff7852f0000 	C:\Program Files\Java\jdk-21\bin\java.exe
0x00007fff4a160000 - 0x00007fff4a3c0000 	C:\WINDOWS\SYSTEM32\ntdll.dll
0x00007fff491a0000 - 0x00007fff49267000 	C:\WINDOWS\System32\KERNEL32.DLL
0x00007fff475d0000 - 0x00007fff4799a000 	C:\WINDOWS\System32\KERNELBASE.dll
0x00007fff47ca0000 - 0x00007fff47deb000 	C:\WINDOWS\System32\ucrtbase.dll
0x00007fff436f0000 - 0x00007fff43709000 	C:\Program Files\Java\jdk-21\bin\jli.dll
0x00007fff44190000 - 0x00007fff441ab000 	C:\Program Files\Java\jdk-21\bin\VCRUNTIME140.dll
0x00007fff48f40000 - 0x00007fff48ff2000 	C:\WINDOWS\System32\ADVAPI32.dll
0x00007fff49e80000 - 0x00007fff49f29000 	C:\WINDOWS\System32\msvcrt.dll
0x00007fff48b20000 - 0x00007fff48bc6000 	C:\WINDOWS\System32\sechost.dll
0x00007fff49280000 - 0x00007fff49396000 	C:\WINDOWS\System32\RPCRT4.dll
0x00007fff49c40000 - 0x00007fff49e0c000 	C:\WINDOWS\System32\USER32.dll
0x00007fff313a0000 - 0x00007fff31637000 	C:\WINDOWS\WinSxS\amd64_microsoft.windows.common-controls_6595b64144ccf1df_6.0.26100.3624_none_3e086962e3345f24\COMCTL32.dll
0x00007fff479a0000 - 0x00007fff479c7000 	C:\WINDOWS\System32\win32u.dll
0x00007fff48bd0000 - 0x00007fff48bfa000 	C:\WINDOWS\System32\GDI32.dll
0x00007fff47340000 - 0x00007fff47471000 	C:\WINDOWS\System32\gdi32full.dll
0x00007fff47480000 - 0x00007fff47523000 	C:\WINDOWS\System32\msvcp_win.dll
0x00007fff3f2b0000 - 0x00007fff3f2bb000 	C:\WINDOWS\SYSTEM32\VERSION.dll
0x00007fff49e10000 - 0x00007fff49e3f000 	C:\WINDOWS\System32\IMM32.DLL
0x00007fff44420000 - 0x00007fff4442c000 	C:\Program Files\Java\jdk-21\bin\vcruntime140_1.dll
0x00007fff2f240000 - 0x00007fff2f2ce000 	C:\Program Files\Java\jdk-21\bin\msvcp140.dll
0x00007ffe9f180000 - 0x00007ffe9fe9a000 	C:\Program Files\Java\jdk-21\bin\server\jvm.dll
0x00007fff49000000 - 0x00007fff49074000 	C:\WINDOWS\System32\WS2_32.dll
0x00007fff46a70000 - 0x00007fff46ace000 	C:\WINDOWS\SYSTEM32\POWRPROF.dll
0x00007fff39bd0000 - 0x00007fff39c06000 	C:\WINDOWS\SYSTEM32\WINMM.dll
0x00007fff46a50000 - 0x00007fff46a64000 	C:\WINDOWS\SYSTEM32\UMPDC.dll
0x00007fff46110000 - 0x00007fff4612a000 	C:\WINDOWS\SYSTEM32\kernel.appcore.dll
0x00007fff44350000 - 0x00007fff4435a000 	C:\Program Files\Java\jdk-21\bin\jimage.dll
0x00007fff3f060000 - 0x00007fff3f2a1000 	C:\WINDOWS\SYSTEM32\DBGHELP.DLL
0x00007fff48120000 - 0x00007fff484a2000 	C:\WINDOWS\System32\combase.dll
0x00007fff48940000 - 0x00007fff48a16000 	C:\WINDOWS\System32\OLEAUT32.dll
0x00007fff27fc0000 - 0x00007fff27ff9000 	C:\WINDOWS\SYSTEM32\dbgcore.DLL
0x00007fff47530000 - 0x00007fff475c9000 	C:\WINDOWS\System32\bcryptPrimitives.dll
0x00007fff2f320000 - 0x00007fff2f32f000 	C:\Program Files\Java\jdk-21\bin\instrument.dll
0x00007fff40e10000 - 0x00007fff40e2f000 	C:\Program Files\Java\jdk-21\bin\java.dll

dbghelp: loaded successfully - version: 4.0.5 - missing functions: none
symbol engine: initialized successfully - sym options: 0x614 - pdb path: .;C:\Program Files\Java\jdk-21\bin;C:\WINDOWS\SYSTEM32;C:\WINDOWS\WinSxS\amd64_microsoft.windows.common-controls_6595b64144ccf1df_6.0.26100.3624_none_3e086962e3345f24;C:\Program Files\Java\jdk-21\bin\server

VM Arguments:
jvm_args: -Dmaven.multiModuleProjectDirectory=D:\ICP\FYP\Development\pujakriti -Djansi.passthrough=true -Dmaven.home=C:\Users\aditk\.m2\wrapper\dists\apache-maven-3.9.9-bin\4nf9hui3q3djbarqar9g711ggc\apache-maven-3.9.9 -Dclassworlds.conf=C:\Users\aditk\.m2\wrapper\dists\apache-maven-3.9.9-bin\4nf9hui3q3djbarqar9g711ggc\apache-maven-3.9.9\bin\m2.conf -Dmaven.ext.class.path=C:\Program Files\JetBrains\IntelliJ IDEA 2024.3.3\plugins\maven\lib\maven-event-listener.jar -javaagent:C:\Program Files\JetBrains\IntelliJ IDEA 2024.3.3\lib\idea_rt.jar=54487:C:\Program Files\JetBrains\IntelliJ IDEA 2024.3.3\bin -Dfile.encoding=UTF-8 -Dsun.stdout.encoding=UTF-8 -Dsun.stderr.encoding=UTF-8 
java_command: org.codehaus.classworlds.Launcher -Didea.version=2024.3.3 clean
java_class_path (initial): C:\Users\aditk\.m2\wrapper\dists\apache-maven-3.9.9-bin\4nf9hui3q3djbarqar9g711ggc\apache-maven-3.9.9\boot\plexus-classworlds-2.8.0.jar;C:\Users\aditk\.m2\wrapper\dists\apache-maven-3.9.9-bin\4nf9hui3q3djbarqar9g711ggc\apache-maven-3.9.9\boot\plexus-classworlds.license
Launcher Type: SUN_STANDARD

[Global flags]
     intx CICompilerCount                          = 12                                        {product} {ergonomic}
     uint ConcGCThreads                            = 5                                         {product} {ergonomic}
     uint G1ConcRefinementThreads                  = 18                                        {product} {ergonomic}
   size_t G1HeapRegionSize                         = 4194304                                   {product} {ergonomic}
    uintx GCDrainStackTargetSize                   = 64                                        {product} {ergonomic}
   size_t InitialHeapSize                          = 524288000                                 {product} {ergonomic}
   size_t MarkStackSize                            = 4194304                                   {product} {ergonomic}
   size_t MaxHeapSize                              = 8350859264                                {product} {ergonomic}
   size_t MinHeapDeltaBytes                        = 4194304                                   {product} {ergonomic}
   size_t MinHeapSize                              = 8388608                                   {product} {ergonomic}
    uintx NonNMethodCodeHeapSize                   = 7602480                                {pd product} {ergonomic}
    uintx NonProfiledCodeHeapSize                  = 122027880                              {pd product} {ergonomic}
    uintx ProfiledCodeHeapSize                     = 122027880                              {pd product} {ergonomic}
    uintx ReservedCodeCacheSize                    = 251658240                              {pd product} {ergonomic}
     bool SegmentedCodeCache                       = true                                      {product} {ergonomic}
   size_t SoftMaxHeapSize                          = 8350859264                             {manageable} {ergonomic}
     bool UseCompressedOops                        = true                           {product lp64_product} {ergonomic}
     bool UseG1GC                                  = true                                      {product} {ergonomic}
     bool UseLargePagesIndividualAllocation        = false                                  {pd product} {ergonomic}

Logging:
Log output configuration:
 #0: stdout all=warning uptime,level,tags foldmultilines=false
 #1: stderr all=off uptime,level,tags foldmultilines=false

Environment Variables:
PATH=C:\Program Files\Common Files\Oracle\Java\javapath;C:\WINDOWS\system32;C:\WINDOWS;C:\WINDOWS\System32\Wbem;C:\WINDOWS\System32\WindowsPowerShell\v1.0\;C:\WINDOWS\System32\OpenSSH\;C:\Program Files\NVIDIA Corporation\NVIDIA app\NvDLISR;C:\Program Files (x86)\NVIDIA Corporation\PhysX\Common;C:\Program Files\Git\cmd;C:\Program Files\Microsoft SQL Server\150\Tools\Binn\;C:\Program Files\Microsoft SQL Server\Client SDK\ODBC\170\Tools\Binn\;C:\Program Files\dotnet\;C:\Program Files\Docker\Docker\resources\bin;C:\Program Files\nodejs\;C:\Users\aditk\AppData\Local\Microsoft\WindowsApps;C:\Users\aditk\.dotnet\tools;C:\Users\aditk\AppData\Roaming\npm;C:\Users\aditk\AppData\Local\Programs\Microsoft VS Code\bin
USERNAME=aditk
OS=Windows_NT
PROCESSOR_IDENTIFIER=AMD64 Family 26 Model 68 Stepping 0, AuthenticAMD
TMP=C:\Users\aditk\AppData\Local\Temp
TEMP=C:\Users\aditk\AppData\Local\Temp




Periodic native trim disabled

---------------  S Y S T E M  ---------------

OS:
 Windows 11 , 64 bit Build 26100 (10.0.26100.3775)
OS uptime: 3 days 22:24 hours
Hyper-V role detected

CPU: total 24 (initial active 24) (24 cores per cpu, 2 threads per core) family 26 model 68 stepping 0 microcode 0xb404023, cx8, cmov, fxsr, ht, mmx, 3dnowpref, sse, sse2, sse3, ssse3, sse4a, sse4.1, sse4.2, popcnt, lzcnt, tsc, tscinvbit, avx, avx2, aes, erms, clmul, bmi1, bmi2, adx, avx512f, avx512dq, avx512cd, avx512bw, avx512vl, sha, fma, vzeroupper, avx512_vpopcntdq, avx512_vpclmulqdq, avx512_vaes, avx512_vnni, clflush, clflushopt, avx512_vbmi2, avx512_vbmi, hv, rdtscp, rdpid, fsrm, gfni, avx512_bitalg, f16c, cet_ss, avx512_ifma
Processor Information for all 24 processors :
  Max Mhz: 4400, Current Mhz: 4400, Mhz Limit: 4400

Memory: 4k page, system-wide physical 31848M (897M free)
TotalPageFile size 44473M (AvailPageFile size 213M)
current process WorkingSet (physical memory assigned to process): 13M, peak: 13M
current process commit charge ("private bytes"): 81M, peak: 581M

vm_info: Java HotSpot(TM) 64-Bit Server VM (21.0.6+8-LTS-188) for windows-amd64 JRE (21.0.6+8-LTS-188), built on 2024-12-03T10:50:54Z by "mach5one" with MS VC++ 17.6 (VS2022)

END.
